<?xml version="1.0" encoding="UTF-8"?>
<!-- Generated by org.testng.reporters.JUnitReportReporter -->
<testsuite hostname="mindc1d301" failures="0" tests="1" name="Mindtree.Hotel.JoinMarriot" time="37.699" errors="0" timestamp="2022-05-19T09:57:26 IST" skipped="0">
  <testcase classname="Mindtree.Hotel.JoinMarriot" name="Test2" time="37.699"/>
  <system-out/>
</testsuite> <!-- Mindtree.Hotel.JoinMarriot -->
