<?xml version="1.0" encoding="UTF-8"?>
<!-- Generated by org.testng.reporters.JUnitReportReporter -->
<testsuite hostname="mindc1d301" failures="0" tests="1" name="Mindtree.Hotel.TripMariot" time="25.641" errors="0" timestamp="2022-05-19T09:57:26 IST" skipped="0">
  <testcase classname="Mindtree.Hotel.TripMariot" name="Test3" time="25.641"/>
  <system-out/>
</testsuite> <!-- Mindtree.Hotel.TripMariot -->
