<?xml version="1.0" encoding="UTF-8"?>
<!-- Generated by org.testng.reporters.JUnitReportReporter -->
<testsuite hostname="mindc1d301" failures="0" tests="1" name="Mindtree.Hotel.FindHotel" time="67.440" errors="0" timestamp="2022-05-19T09:35:10 IST" skipped="0">
  <testcase classname="Mindtree.Hotel.FindHotel" name="Test1" time="67.440"/>
  <system-out/>
</testsuite> <!-- Mindtree.Hotel.FindHotel -->
